# JRE version: OpenJDK Runtime Environment Temurin-21.0.7+6 (21.0.7+6) (build 21.0.7+6-LTS)
# Java VM: OpenJDK 64-Bit Server VM Temurin-21.0.7+6 (21.0.7+6-LTS, mixed mode, sharing, tiered, compressed oops, compressed class ptrs, g1 gc, windows-amd64)
GC Precious Log:
 CardTable entry size: 512
 Card Set container configuration: InlinePtr #cards 5 size 8 Array Of Cards #cards 12 size 40 Howl #buckets 4 coarsen threshold 1843 Howl Bitmap #cards 512 size 80 coarsen threshold 460 Card regions per heap region 1 cards per card region 2048
 CPUs: 12 total, 12 available
 Memory: 7860M
 Large Page Support: Disabled
 NUMA Support: Disabled
 Compressed Oops: Enabled (32-bit)
 Heap Region Size: 1M
 Heap Min Capacity: 8M
 Heap Initial Capacity: 124M
 Heap Max Capacity: 1966M
 Pre-touch: Disabled
 Parallel Workers: 10
 Concurrent Workers: 3
 Concurrent Refinement Workers: 10
 Periodic GC: Disabled
Heap:
 garbage-first heap   total 70656K, used 46897K [0x0000000085200000, 0x0000000100000000)
  region size 1024K, 24 young (24576K), 4 survivors (4096K)
 Metaspace       used 64708K, committed 65344K, reserved 1114112K
  class space    used 8422K, committed 8704K, reserved 1048576K
GC Heap History (20 events):
Event: 6.605 GC heap before
{Heap before GC invocations=10 (full 0):
 garbage-first heap   total 58368K, used 30783K [0x0000000085200000, 0x0000000100000000)
  region size 1024K, 14 young (14336K), 3 survivors (3072K)
 Metaspace       used 35433K, committed 35968K, reserved 1114112K
  class space    used 4409K, committed 4672K, reserved 1048576K
}
Event: 6.608 GC heap after
{Heap after GC invocations=11 (full 0):
 garbage-first heap   total 58368K, used 20792K [0x0000000085200000, 0x0000000100000000)
  region size 1024K, 3 young (3072K), 3 survivors (3072K)
 Metaspace       used 35433K, committed 35968K, reserved 1114112K
  class space    used 4409K, committed 4672K, reserved 1048576K
}
Event: 7.023 GC heap before
{Heap before GC invocations=12 (full 0):
 garbage-first heap   total 58368K, used 50488K [0x0000000085200000, 0x0000000100000000)
  region size 1024K, 32 young (32768K), 3 survivors (3072K)
 Metaspace       used 38021K, committed 38528K, reserved 1114112K
  class space    used 4863K, committed 5120K, reserved 1048576K
}
Event: 7.026 GC heap after
{Heap after GC invocations=13 (full 0):
 garbage-first heap   total 58368K, used 21429K [0x0000000085200000, 0x0000000100000000)
  region size 1024K, 2 young (2048K), 2 survivors (2048K)
 Metaspace       used 38021K, committed 38528K, reserved 1114112K
  class space    used 4863K, committed 5120K, reserved 1048576K
}
Event: 7.457 GC heap before
{Heap before GC invocations=13 (full 0):
 garbage-first heap   total 58368K, used 51125K [0x0000000085200000, 0x0000000100000000)
  region size 1024K, 31 young (31744K), 2 survivors (2048K)
 Metaspace       used 41368K, committed 41920K, reserved 1114112K
  class space    used 5224K, committed 5504K, reserved 1048576K
}
Event: 7.461 GC heap after
{Heap after GC invocations=14 (full 0):
 garbage-first heap   total 58368K, used 22222K [0x0000000085200000, 0x0000000100000000)
  region size 1024K, 3 young (3072K), 3 survivors (3072K)
 Metaspace       used 41368K, committed 41920K, reserved 1114112K
  class space    used 5224K, committed 5504K, reserved 1048576K
}
Event: 8.197 GC heap before
{Heap before GC invocations=14 (full 0):
 garbage-first heap   total 58368K, used 49870K [0x0000000085200000, 0x0000000100000000)
  region size 1024K, 30 young (30720K), 3 survivors (3072K)
 Metaspace       used 46789K, committed 47296K, reserved 1114112K
  class space    used 5918K, committed 6144K, reserved 1048576K
}
Event: 8.202 GC heap after
{Heap after GC invocations=15 (full 0):
 garbage-first heap   total 58368K, used 23516K [0x0000000085200000, 0x0000000100000000)
  region size 1024K, 4 young (4096K), 4 survivors (4096K)
 Metaspace       used 46789K, committed 47296K, reserved 1114112K
  class space    used 5918K, committed 6144K, reserved 1048576K
}
Event: 8.537 GC heap before
{Heap before GC invocations=15 (full 0):
 garbage-first heap   total 58368K, used 48092K [0x0000000085200000, 0x0000000100000000)
  region size 1024K, 29 young (29696K), 4 survivors (4096K)
 Metaspace       used 49313K, committed 49920K, reserved 1114112K
  class space    used 6217K, committed 6464K, reserved 1048576K
}
Event: 8.541 GC heap after
{Heap after GC invocations=16 (full 0):
 garbage-first heap   total 58368K, used 24762K [0x0000000085200000, 0x0000000100000000)
  region size 1024K, 3 young (3072K), 3 survivors (3072K)
 Metaspace       used 49313K, committed 49920K, reserved 1114112K
  class space    used 6217K, committed 6464K, reserved 1048576K
}
Event: 8.850 GC heap before
{Heap before GC invocations=16 (full 0):
 garbage-first heap   total 58368K, used 49338K [0x0000000085200000, 0x0000000100000000)
  region size 1024K, 28 young (28672K), 3 survivors (3072K)
 Metaspace       used 51724K, committed 52224K, reserved 1114112K
  class space    used 6499K, committed 6720K, reserved 1048576K
}
Event: 8.854 GC heap after
{Heap after GC invocations=17 (full 0):
 garbage-first heap   total 58368K, used 24784K [0x0000000085200000, 0x0000000100000000)
  region size 1024K, 2 young (2048K), 2 survivors (2048K)
 Metaspace       used 51724K, committed 52224K, reserved 1114112K
  class space    used 6499K, committed 6720K, reserved 1048576K
}
Event: 9.140 GC heap before
{Heap before GC invocations=17 (full 0):
 garbage-first heap   total 58368K, used 50384K [0x0000000085200000, 0x0000000100000000)
  region size 1024K, 28 young (28672K), 2 survivors (2048K)
 Metaspace       used 55388K, committed 55936K, reserved 1114112K
  class space    used 7064K, committed 7296K, reserved 1048576K
}
Event: 9.144 GC heap after
{Heap after GC invocations=18 (full 0):
 garbage-first heap   total 70656K, used 25221K [0x0000000085200000, 0x0000000100000000)
  region size 1024K, 2 young (2048K), 2 survivors (2048K)
 Metaspace       used 55388K, committed 55936K, reserved 1114112K
  class space    used 7064K, committed 7296K, reserved 1048576K
}
Event: 9.559 GC heap before
{Heap before GC invocations=18 (full 0):
 garbage-first heap   total 70656K, used 64133K [0x0000000085200000, 0x0000000100000000)
  region size 1024K, 40 young (40960K), 2 survivors (2048K)
 Metaspace       used 59107K, committed 59712K, reserved 1114112K
  class space    used 7651K, committed 7936K, reserved 1048576K
}
Event: 9.562 GC heap after
{Heap after GC invocations=19 (full 0):
 garbage-first heap   total 70656K, used 25858K [0x0000000085200000, 0x0000000100000000)
  region size 1024K, 3 young (3072K), 3 survivors (3072K)
 Metaspace       used 59107K, committed 59712K, reserved 1114112K
  class space    used 7651K, committed 7936K, reserved 1048576K
}
Event: 9.588 GC heap before
{Heap before GC invocations=19 (full 0):
 garbage-first heap   total 70656K, used 28930K [0x0000000085200000, 0x0000000100000000)
  region size 1024K, 7 young (7168K), 3 survivors (3072K)
 Metaspace       used 59520K, committed 60096K, reserved 1114112K
  class space    used 7717K, committed 8000K, reserved 1048576K
}
Event: 9.590 GC heap after
{Heap after GC invocations=20 (full 0):
 garbage-first heap   total 70656K, used 25911K [0x0000000085200000, 0x0000000100000000)
  region size 1024K, 3 young (3072K), 3 survivors (3072K)
 Metaspace       used 59520K, committed 60096K, reserved 1114112K
  class space    used 7717K, committed 8000K, reserved 1048576K
}
Event: 10.041 GC heap before
{Heap before GC invocations=21 (full 0):
 garbage-first heap   total 70656K, used 62775K [0x0000000085200000, 0x0000000100000000)
  region size 1024K, 39 young (39936K), 3 survivors (3072K)
 Metaspace       used 62898K, committed 63616K, reserved 1114112K
  class space    used 8168K, committed 8512K, reserved 1048576K
}
Event: 10.045 GC heap after
{Heap after GC invocations=22 (full 0):
 garbage-first heap   total 70656K, used 27441K [0x0000000085200000, 0x0000000100000000)
  region size 1024K, 4 young (4096K), 4 survivors (4096K)
 Metaspace       used 62898K, committed 63616K, reserved 1114112K
  class space    used 8168K, committed 8512K, reserved 1048576K
}

